/*C55*/SET SCHEMA PUBLIC
CONNECT USER SA
DISCONNECT
/*C56*/SET SCHEMA PUBLIC
CONNECT USER SA
DISCONNECT
/*C57*/SET SCHEMA PUBLIC
CONNECT USER SA
DISCONNECT
/*C58*/SET SCHEMA PUBLIC
CONNECT USER SA
DISCONNECT
/*C59*/SET SCHEMA PUBLIC
CONNECT USER SA
DISCONNECT
/*C60*/SET SCHEMA PUBLIC
CONNECT USER SA
DISCONNECT
/*C61*/SET SCHEMA PUBLIC
CONNECT USER SA
DISCONNECT
/*C62*/SET SCHEMA PUBLIC
CONNECT USER SA
DISCONNECT
/*C63*/SET SCHEMA PUBLIC
CONNECT USER SA
DISCONNECT
/*C64*/SET SCHEMA PUBLIC
CONNECT USER SA
DISCONNECT
/*C65*/SET SCHEMA PUBLIC
CONNECT USER SA
DISCONNECT
/*C66*/SET SCHEMA PUBLIC
CONNECT USER SA
DISCONNECT
/*C67*/SET SCHEMA PUBLIC
CONNECT USER SA
SET AUTOCOMMIT FALSE
SET AUTOCOMMIT TRUE
DISCONNECT
/*C68*/SET SCHEMA PUBLIC
CONNECT USER SA
SET AUTOCOMMIT FALSE
SET AUTOCOMMIT TRUE
DISCONNECT
/*C69*/SET SCHEMA PUBLIC
CONNECT USER SA
DISCONNECT
/*C70*/SET SCHEMA PUBLIC
CONNECT USER SA
SET AUTOCOMMIT FALSE
SET AUTOCOMMIT TRUE
DISCONNECT
/*C71*/SET SCHEMA PUBLIC
CONNECT USER SA
SET AUTOCOMMIT FALSE
SET AUTOCOMMIT TRUE
DISCONNECT
/*C72*/SET SCHEMA PUBLIC
CONNECT USER SA
DISCONNECT
/*C73*/SET SCHEMA PUBLIC
CONNECT USER SA
SET AUTOCOMMIT FALSE
SET AUTOCOMMIT TRUE
DISCONNECT
/*C74*/SET SCHEMA PUBLIC
CONNECT USER SA
SET AUTOCOMMIT FALSE
SET AUTOCOMMIT TRUE
DISCONNECT
/*C75*/SET SCHEMA PUBLIC
CONNECT USER SA
SET AUTOCOMMIT FALSE
SET AUTOCOMMIT TRUE
DISCONNECT
/*C76*/SET SCHEMA PUBLIC
CONNECT USER SA
SET AUTOCOMMIT FALSE
SET AUTOCOMMIT TRUE
DISCONNECT
/*C77*/SET SCHEMA PUBLIC
CONNECT USER SA
SET AUTOCOMMIT FALSE
SET AUTOCOMMIT TRUE
DISCONNECT
/*C78*/SET SCHEMA PUBLIC
CONNECT USER SA
SET AUTOCOMMIT FALSE
SET AUTOCOMMIT TRUE
DISCONNECT
/*C79*/SET SCHEMA PUBLIC
CONNECT USER SA
SET AUTOCOMMIT FALSE
SET AUTOCOMMIT TRUE
DISCONNECT
/*C80*/SET SCHEMA PUBLIC
CONNECT USER SA
SET AUTOCOMMIT FALSE
SET AUTOCOMMIT TRUE
DISCONNECT
/*C81*/SET SCHEMA PUBLIC
CONNECT USER SA
/*C82*/SET SCHEMA PUBLIC
CONNECT USER SA
DISCONNECT
/*C83*/SET SCHEMA PUBLIC
CONNECT USER SA
DISCONNECT
/*C84*/SET SCHEMA PUBLIC
CONNECT USER SA
DISCONNECT
/*C85*/SET SCHEMA PUBLIC
CONNECT USER SA
DISCONNECT
/*C86*/SET SCHEMA PUBLIC
CONNECT USER SA
DISCONNECT
/*C87*/SET SCHEMA PUBLIC
CONNECT USER SA
DISCONNECT
/*C88*/SET SCHEMA PUBLIC
CONNECT USER SA
DISCONNECT
/*C89*/SET SCHEMA PUBLIC
CONNECT USER SA
DISCONNECT
/*C90*/SET SCHEMA PUBLIC
CONNECT USER SA
DISCONNECT
/*C91*/SET SCHEMA PUBLIC
CONNECT USER SA
DISCONNECT
/*C92*/SET SCHEMA PUBLIC
CONNECT USER SA
DISCONNECT
/*C93*/SET SCHEMA PUBLIC
CONNECT USER SA
DISCONNECT
/*C94*/SET SCHEMA PUBLIC
CONNECT USER SA
DISCONNECT
/*C95*/SET SCHEMA PUBLIC
CONNECT USER SA
DISCONNECT
/*C96*/SET SCHEMA PUBLIC
CONNECT USER SA
SET AUTOCOMMIT FALSE
SET AUTOCOMMIT TRUE
DISCONNECT
/*C97*/SET SCHEMA PUBLIC
CONNECT USER SA
SET AUTOCOMMIT FALSE
SET AUTOCOMMIT TRUE
DISCONNECT
/*C98*/SET SCHEMA PUBLIC
CONNECT USER SA
DISCONNECT
/*C99*/SET SCHEMA PUBLIC
CONNECT USER SA
SET AUTOCOMMIT FALSE
SET AUTOCOMMIT TRUE
DISCONNECT
/*C100*/SET SCHEMA PUBLIC
CONNECT USER SA
SET AUTOCOMMIT FALSE
SET AUTOCOMMIT TRUE
DISCONNECT
/*C101*/SET SCHEMA PUBLIC
CONNECT USER SA
DISCONNECT
/*C102*/SET SCHEMA PUBLIC
CONNECT USER SA
DISCONNECT
/*C103*/SET SCHEMA PUBLIC
CONNECT USER SA
DISCONNECT
/*C104*/SET SCHEMA PUBLIC
CONNECT USER SA
DISCONNECT
/*C105*/SET SCHEMA PUBLIC
CONNECT USER SA
DISCONNECT
/*C106*/SET SCHEMA PUBLIC
CONNECT USER SA
DISCONNECT
/*C107*/SET SCHEMA PUBLIC
CONNECT USER SA
DISCONNECT
/*C108*/SET SCHEMA PUBLIC
CONNECT USER SA
DISCONNECT
/*C109*/SET SCHEMA PUBLIC
CONNECT USER SA
DISCONNECT
/*C110*/SET SCHEMA PUBLIC
CONNECT USER SA
DISCONNECT
/*C111*/SET SCHEMA PUBLIC
CONNECT USER SA
INSERT INTO PROPERTY VALUES(2,0,'34/2 Wright''s Houses','aced0005757200115b4c6a6176612e7574696c2e446174653b431724a0300318e00200007870000000027372000e6a6176612e7574696c2e44617465686a81014b5974190300007870770800000119b629c180787371007e0002770800000119b629c18078',2,'Flat','Edinburgh','Nice three-bedroomed flat',2,1,7687,NULL,NULL,'EH10 4HR',NULL)
DELETE FROM PROPERTY WHERE ID=2
INSERT INTO PROPERTY VALUES(2,1,'34/2 Wright''s Houses','aced0005757200115b4c6a6176612e7574696c2e446174653b431724a0300318e00200007870000000027372000e6a6176612e7574696c2e44617465686a81014b5974190300007870770800000119b629c180787371007e0002770800000119b629c18078',2,'Flat','Edinburgh','Nice three-bedroomed flat',2,1,7687,'aced0005757200135b4c6a6176612e6c616e672e537472696e673badd256e7e91d7b47020000787000000000','aced0005757200135b4c6a6176612e6c616e672e537472696e673badd256e7e91d7b47020000787000000000','EH10 4HR',NULL)
DISCONNECT
/*C112*/SET SCHEMA PUBLIC
CONNECT USER SA
DISCONNECT
/*C113*/SET SCHEMA PUBLIC
CONNECT USER SA
DISCONNECT
/*C114*/SET SCHEMA PUBLIC
CONNECT USER SA
DISCONNECT
/*C115*/SET SCHEMA PUBLIC
CONNECT USER SA
DISCONNECT
/*C116*/SET SCHEMA PUBLIC
CONNECT USER SA
DISCONNECT
/*C117*/SET SCHEMA PUBLIC
CONNECT USER SA
DISCONNECT
/*C118*/SET SCHEMA PUBLIC
CONNECT USER SA
DISCONNECT
/*C119*/SET SCHEMA PUBLIC
CONNECT USER SA
DISCONNECT
/*C120*/SET SCHEMA PUBLIC
CONNECT USER SA
DISCONNECT
/*C121*/SET SCHEMA PUBLIC
CONNECT USER SA
DISCONNECT
/*C122*/SET SCHEMA PUBLIC
CONNECT USER SA
DISCONNECT
/*C123*/SET SCHEMA PUBLIC
CONNECT USER SA
DISCONNECT
/*C124*/SET SCHEMA PUBLIC
CONNECT USER SA
DISCONNECT
/*C125*/SET SCHEMA PUBLIC
CONNECT USER SA
DISCONNECT
/*C126*/SET SCHEMA PUBLIC
CONNECT USER SA
DISCONNECT
/*C127*/SET SCHEMA PUBLIC
CONNECT USER SA
DISCONNECT
/*C128*/SET SCHEMA PUBLIC
CONNECT USER SA
DISCONNECT
/*C129*/SET SCHEMA PUBLIC
CONNECT USER SA
DISCONNECT
/*C130*/SET SCHEMA PUBLIC
CONNECT USER SA
DISCONNECT
/*C131*/SET SCHEMA PUBLIC
CONNECT USER SA
DISCONNECT
/*C132*/SET SCHEMA PUBLIC
CONNECT USER SA
DISCONNECT
/*C133*/SET SCHEMA PUBLIC
CONNECT USER SA
DISCONNECT
/*C134*/SET SCHEMA PUBLIC
CONNECT USER SA
DISCONNECT
/*C135*/SET SCHEMA PUBLIC
CONNECT USER SA
DISCONNECT
/*C136*/SET SCHEMA PUBLIC
CONNECT USER SA
DISCONNECT
/*C137*/SET SCHEMA PUBLIC
CONNECT USER SA
DISCONNECT
/*C138*/SET SCHEMA PUBLIC
CONNECT USER SA
DISCONNECT
/*C139*/SET SCHEMA PUBLIC
CONNECT USER SA
DISCONNECT
/*C140*/SET SCHEMA PUBLIC
CONNECT USER SA
DISCONNECT
/*C141*/SET SCHEMA PUBLIC
CONNECT USER SA
DISCONNECT
/*C142*/SET SCHEMA PUBLIC
CONNECT USER SA
DISCONNECT
/*C143*/SET SCHEMA PUBLIC
CONNECT USER SA
DISCONNECT
/*C144*/SET SCHEMA PUBLIC
CONNECT USER SA
DISCONNECT
/*C145*/SET SCHEMA PUBLIC
CONNECT USER SA
DISCONNECT
/*C146*/SET SCHEMA PUBLIC
CONNECT USER SA
DISCONNECT
/*C147*/SET SCHEMA PUBLIC
CONNECT USER SA
DISCONNECT
/*C148*/SET SCHEMA PUBLIC
CONNECT USER SA
DISCONNECT
/*C149*/SET SCHEMA PUBLIC
CONNECT USER SA
DISCONNECT
/*C150*/SET SCHEMA PUBLIC
CONNECT USER SA
DISCONNECT
/*C151*/SET SCHEMA PUBLIC
CONNECT USER SA
DISCONNECT
/*C152*/SET SCHEMA PUBLIC
CONNECT USER SA
DISCONNECT
/*C153*/SET SCHEMA PUBLIC
CONNECT USER SA
DISCONNECT
/*C154*/SET SCHEMA PUBLIC
CONNECT USER SA
DISCONNECT
/*C155*/SET SCHEMA PUBLIC
CONNECT USER SA
DISCONNECT
/*C156*/SET SCHEMA PUBLIC
CONNECT USER SA
DISCONNECT
/*C157*/SET SCHEMA PUBLIC
CONNECT USER SA
DISCONNECT
/*C158*/SET SCHEMA PUBLIC
CONNECT USER SA
DISCONNECT
/*C159*/SET SCHEMA PUBLIC
CONNECT USER SA
DISCONNECT
/*C160*/SET SCHEMA PUBLIC
CONNECT USER SA
DISCONNECT
/*C161*/SET SCHEMA PUBLIC
CONNECT USER SA
DISCONNECT
/*C162*/SET SCHEMA PUBLIC
CONNECT USER SA
DISCONNECT
/*C163*/SET SCHEMA PUBLIC
CONNECT USER SA
DISCONNECT
/*C164*/SET SCHEMA PUBLIC
CONNECT USER SA
DISCONNECT
/*C165*/SET SCHEMA PUBLIC
CONNECT USER SA
DISCONNECT
/*C166*/SET SCHEMA PUBLIC
CONNECT USER SA
DISCONNECT
/*C167*/SET SCHEMA PUBLIC
CONNECT USER SA
DISCONNECT
/*C168*/SET SCHEMA PUBLIC
CONNECT USER SA
DISCONNECT
/*C169*/SET SCHEMA PUBLIC
CONNECT USER SA
DISCONNECT
/*C170*/SET SCHEMA PUBLIC
CONNECT USER SA
DISCONNECT
/*C171*/SET SCHEMA PUBLIC
CONNECT USER SA
DISCONNECT
/*C172*/SET SCHEMA PUBLIC
CONNECT USER SA
DISCONNECT
/*C173*/SET SCHEMA PUBLIC
CONNECT USER SA
DISCONNECT
/*C174*/SET SCHEMA PUBLIC
CONNECT USER SA
DISCONNECT
/*C175*/SET SCHEMA PUBLIC
CONNECT USER SA
DISCONNECT
/*C176*/SET SCHEMA PUBLIC
CONNECT USER SA
DISCONNECT
/*C177*/SET SCHEMA PUBLIC
CONNECT USER SA
DISCONNECT
/*C178*/SET SCHEMA PUBLIC
CONNECT USER SA
DISCONNECT
/*C179*/SET SCHEMA PUBLIC
CONNECT USER SA
DISCONNECT
/*C180*/SET SCHEMA PUBLIC
CONNECT USER SA
DISCONNECT
/*C181*/SET SCHEMA PUBLIC
CONNECT USER SA
DISCONNECT
/*C182*/SET SCHEMA PUBLIC
CONNECT USER SA
DISCONNECT
/*C183*/SET SCHEMA PUBLIC
CONNECT USER SA
DISCONNECT
/*C184*/SET SCHEMA PUBLIC
CONNECT USER SA
DISCONNECT
/*C185*/SET SCHEMA PUBLIC
CONNECT USER SA
DISCONNECT
/*C186*/SET SCHEMA PUBLIC
CONNECT USER SA
DISCONNECT
/*C187*/SET SCHEMA PUBLIC
CONNECT USER SA
DISCONNECT
/*C188*/SET SCHEMA PUBLIC
CONNECT USER SA
DISCONNECT
/*C189*/SET SCHEMA PUBLIC
CONNECT USER SA
DISCONNECT
/*C190*/SET SCHEMA PUBLIC
CONNECT USER SA
DISCONNECT
/*C191*/SET SCHEMA PUBLIC
CONNECT USER SA
DISCONNECT
/*C192*/SET SCHEMA PUBLIC
CONNECT USER SA
DISCONNECT
/*C193*/SET SCHEMA PUBLIC
CONNECT USER SA
DISCONNECT
/*C194*/SET SCHEMA PUBLIC
CONNECT USER SA
DISCONNECT
/*C195*/SET SCHEMA PUBLIC
CONNECT USER SA
DISCONNECT
/*C196*/SET SCHEMA PUBLIC
CONNECT USER SA
DISCONNECT
/*C197*/SET SCHEMA PUBLIC
CONNECT USER SA
SET AUTOCOMMIT FALSE
SET AUTOCOMMIT TRUE
DISCONNECT
/*C198*/SET SCHEMA PUBLIC
CONNECT USER SA
SET AUTOCOMMIT FALSE
SET AUTOCOMMIT TRUE
DISCONNECT
/*C199*/SET SCHEMA PUBLIC
CONNECT USER SA
DISCONNECT
/*C200*/SET SCHEMA PUBLIC
CONNECT USER SA
SET AUTOCOMMIT FALSE
SET AUTOCOMMIT TRUE
DISCONNECT
/*C201*/SET SCHEMA PUBLIC
CONNECT USER SA
SET AUTOCOMMIT FALSE
SET AUTOCOMMIT TRUE
DISCONNECT
/*C202*/SET SCHEMA PUBLIC
CONNECT USER SA
DISCONNECT
/*C203*/SET SCHEMA PUBLIC
CONNECT USER SA
DISCONNECT
/*C204*/SET SCHEMA PUBLIC
CONNECT USER SA
DISCONNECT
/*C205*/SET SCHEMA PUBLIC
CONNECT USER SA
DISCONNECT
/*C206*/SET SCHEMA PUBLIC
CONNECT USER SA
DISCONNECT
/*C207*/SET SCHEMA PUBLIC
CONNECT USER SA
DISCONNECT
/*C208*/SET SCHEMA PUBLIC
CONNECT USER SA
DISCONNECT
/*C209*/SET SCHEMA PUBLIC
CONNECT USER SA
DISCONNECT
/*C210*/SET SCHEMA PUBLIC
CONNECT USER SA
DISCONNECT
/*C211*/SET SCHEMA PUBLIC
CONNECT USER SA
DISCONNECT
/*C212*/SET SCHEMA PUBLIC
CONNECT USER SA
DISCONNECT
/*C213*/SET SCHEMA PUBLIC
CONNECT USER SA
DISCONNECT
/*C214*/SET SCHEMA PUBLIC
CONNECT USER SA
DISCONNECT
/*C215*/SET SCHEMA PUBLIC
CONNECT USER SA
DISCONNECT
/*C216*/SET SCHEMA PUBLIC
CONNECT USER SA
DISCONNECT
/*C217*/SET SCHEMA PUBLIC
CONNECT USER SA
DISCONNECT
/*C218*/SET SCHEMA PUBLIC
CONNECT USER SA
DISCONNECT
/*C219*/SET SCHEMA PUBLIC
CONNECT USER SA
DISCONNECT
/*C220*/SET SCHEMA PUBLIC
CONNECT USER SA
DISCONNECT
/*C221*/SET SCHEMA PUBLIC
CONNECT USER SA
DISCONNECT
/*C222*/SET SCHEMA PUBLIC
CONNECT USER SA
DISCONNECT
/*C223*/SET SCHEMA PUBLIC
CONNECT USER SA
DISCONNECT
/*C224*/SET SCHEMA PUBLIC
CONNECT USER SA
DISCONNECT
/*C225*/SET SCHEMA PUBLIC
CONNECT USER SA
DISCONNECT
/*C226*/SET SCHEMA PUBLIC
CONNECT USER SA
DISCONNECT
/*C227*/SET SCHEMA PUBLIC
CONNECT USER SA
DISCONNECT
/*C228*/SET SCHEMA PUBLIC
CONNECT USER SA
DISCONNECT
/*C229*/SET SCHEMA PUBLIC
CONNECT USER SA
DISCONNECT
/*C230*/SET SCHEMA PUBLIC
CONNECT USER SA
DISCONNECT
/*C231*/SET SCHEMA PUBLIC
CONNECT USER SA
DISCONNECT
/*C232*/SET SCHEMA PUBLIC
CONNECT USER SA
DISCONNECT
/*C233*/SET SCHEMA PUBLIC
CONNECT USER SA
DISCONNECT
/*C234*/SET SCHEMA PUBLIC
CONNECT USER SA
DISCONNECT
/*C235*/SET SCHEMA PUBLIC
CONNECT USER SA
DISCONNECT
/*C236*/SET SCHEMA PUBLIC
CONNECT USER SA
DISCONNECT
/*C237*/SET SCHEMA PUBLIC
CONNECT USER SA
DELETE FROM PROPERTY WHERE ID=1
INSERT INTO PROPERTY VALUES(1,2,'18/1 Balcarres Street','aced0005757200115b4c6a6176612e7574696c2e446174653b431724a0300318e00200007870000000027372000e6a6176612e7574696c2e44617465686a81014b5974190300007870770800000119b629c180787371007e000277080000011a3c0f198078',2,'Flat','Edinburgh',' Impressive Victorian upper villa flat immaculately presented throughout, offering flexible accommodation.          Retaining several period features including high ceilings, traditional wooden floorboards and original cast iron fireplace.          Conveniently situated within quiet cul-de-sac setting near the River Esk and close to the well reputed local primary school.          Delightful bay windowed living room with stunning original cast iron fireplace.          Second living/dining room leading to modern fitted galley style kitchen with external door to rear.          Two large bright double bedrooms (one of which with box room off).          Refurbished family bathroom boasting traditional white three piece suite with electric shower.          Gas central heating complemented by double glazing.          Excellent storage facilities throughout including useful extensive attic space.          Large walled rear garden (shared between four properties) and ample unrestricted on street parking.          Ever popular historic coastal town with excellent local amenities and approximately six miles from Edinburgh City Centre.',2,1,155000,'aced0005757200135b4c6a6176612e6c616e672e537472696e673badd256e7e91d7b4702000078700000000474000b312f696d675f312e6a706774000b312f696d675f322e6a706774000b312f696d675f332e6a706774000b312f696d675f342e6a7067','aced0005757200135b4c6a6176612e6c616e672e537472696e673badd256e7e91d7b4702000078700000000474000a696d6167652f6a70656774000a696d6167652f6a70656774000a696d6167652f6a70656774000a696d6167652f6a706567','EH10 5JD',TRUE)
/*C238*/SET SCHEMA PUBLIC
CONNECT USER SA
DISCONNECT
/*C237*/DISCONNECT
/*C239*/SET SCHEMA PUBLIC
CONNECT USER SA
DISCONNECT
/*C240*/SET SCHEMA PUBLIC
CONNECT USER SA
DISCONNECT
/*C241*/SET SCHEMA PUBLIC
CONNECT USER SA
DISCONNECT
/*C242*/SET SCHEMA PUBLIC
CONNECT USER SA
DISCONNECT
/*C243*/SET SCHEMA PUBLIC
CONNECT USER SA
DISCONNECT
/*C244*/SET SCHEMA PUBLIC
CONNECT USER SA
DISCONNECT
/*C245*/SET SCHEMA PUBLIC
CONNECT USER SA
DISCONNECT
/*C246*/SET SCHEMA PUBLIC
CONNECT USER SA
DISCONNECT
/*C247*/SET SCHEMA PUBLIC
CONNECT USER SA
DISCONNECT
/*C248*/SET SCHEMA PUBLIC
CONNECT USER SA
DISCONNECT
/*C249*/SET SCHEMA PUBLIC
CONNECT USER SA
DISCONNECT
/*C250*/SET SCHEMA PUBLIC
CONNECT USER SA
DISCONNECT
/*C251*/SET SCHEMA PUBLIC
CONNECT USER SA
DISCONNECT
/*C252*/SET SCHEMA PUBLIC
CONNECT USER SA
DISCONNECT
/*C253*/SET SCHEMA PUBLIC
CONNECT USER SA
DISCONNECT
/*C254*/SET SCHEMA PUBLIC
CONNECT USER SA
DISCONNECT
/*C255*/SET SCHEMA PUBLIC
CONNECT USER SA
DISCONNECT
/*C256*/SET SCHEMA PUBLIC
CONNECT USER SA
DISCONNECT
/*C257*/SET SCHEMA PUBLIC
CONNECT USER SA
DISCONNECT
/*C258*/SET SCHEMA PUBLIC
CONNECT USER SA
DISCONNECT
/*C259*/SET SCHEMA PUBLIC
CONNECT USER SA
DISCONNECT
/*C260*/SET SCHEMA PUBLIC
CONNECT USER SA
DISCONNECT
/*C261*/SET SCHEMA PUBLIC
CONNECT USER SA
DISCONNECT
/*C262*/SET SCHEMA PUBLIC
CONNECT USER SA
DISCONNECT
/*C263*/SET SCHEMA PUBLIC
CONNECT USER SA
DELETE FROM PROPERTY WHERE ID=2
INSERT INTO PROPERTY VALUES(2,2,'34/2 Wright''s Houses','aced0005757200115b4c6a6176612e7574696c2e446174653b431724a0300318e00200007870000000027372000e6a6176612e7574696c2e44617465686a81014b5974190300007870770800000119b629c180787371007e0002770800000119b629c18078',2,'Flat','Edinburgh','Nice three-bedroomed flat',2,1,7687,'aced0005757200135b4c6a6176612e6c616e672e537472696e673badd256e7e91d7b47020000787000000000','aced0005757200135b4c6a6176612e6c616e672e537472696e673badd256e7e91d7b47020000787000000000','EH10 4HR',TRUE)
DISCONNECT
/*C264*/SET SCHEMA PUBLIC
CONNECT USER SA
DISCONNECT
/*C265*/SET SCHEMA PUBLIC
CONNECT USER SA
DISCONNECT
/*C266*/SET SCHEMA PUBLIC
CONNECT USER SA
DISCONNECT
/*C267*/SET SCHEMA PUBLIC
CONNECT USER SA
DISCONNECT
/*C268*/SET SCHEMA PUBLIC
CONNECT USER SA
DISCONNECT
/*C269*/SET SCHEMA PUBLIC
CONNECT USER SA
DISCONNECT
/*C270*/SET SCHEMA PUBLIC
CONNECT USER SA
DISCONNECT
/*C271*/SET SCHEMA PUBLIC
CONNECT USER SA
DISCONNECT
/*C272*/SET SCHEMA PUBLIC
CONNECT USER SA
DISCONNECT
/*C273*/SET SCHEMA PUBLIC
CONNECT USER SA
DISCONNECT
/*C274*/SET SCHEMA PUBLIC
CONNECT USER SA
DISCONNECT
/*C275*/SET SCHEMA PUBLIC
CONNECT USER SA
DISCONNECT
/*C276*/SET SCHEMA PUBLIC
CONNECT USER SA
DISCONNECT
/*C277*/SET SCHEMA PUBLIC
CONNECT USER SA
DISCONNECT
/*C278*/SET SCHEMA PUBLIC
CONNECT USER SA
DISCONNECT
/*C279*/SET SCHEMA PUBLIC
CONNECT USER SA
DISCONNECT
/*C280*/SET SCHEMA PUBLIC
CONNECT USER SA
DISCONNECT
/*C281*/SET SCHEMA PUBLIC
CONNECT USER SA
DISCONNECT
/*C282*/SET SCHEMA PUBLIC
CONNECT USER SA
DISCONNECT
/*C283*/SET SCHEMA PUBLIC
CONNECT USER SA
DISCONNECT
/*C284*/SET SCHEMA PUBLIC
CONNECT USER SA
DISCONNECT
/*C285*/SET SCHEMA PUBLIC
CONNECT USER SA
DISCONNECT
/*C286*/SET SCHEMA PUBLIC
CONNECT USER SA
DISCONNECT
/*C287*/SET SCHEMA PUBLIC
CONNECT USER SA
DISCONNECT
/*C288*/SET SCHEMA PUBLIC
CONNECT USER SA
DISCONNECT
/*C289*/SET SCHEMA PUBLIC
CONNECT USER SA
DISCONNECT
/*C290*/SET SCHEMA PUBLIC
CONNECT USER SA
DISCONNECT
/*C291*/SET SCHEMA PUBLIC
CONNECT USER SA
DISCONNECT
/*C292*/SET SCHEMA PUBLIC
CONNECT USER SA
DISCONNECT
/*C293*/SET SCHEMA PUBLIC
CONNECT USER SA
DISCONNECT
/*C294*/SET SCHEMA PUBLIC
CONNECT USER SA
DISCONNECT
/*C295*/SET SCHEMA PUBLIC
CONNECT USER SA
DISCONNECT
/*C296*/SET SCHEMA PUBLIC
CONNECT USER SA
DISCONNECT
/*C297*/SET SCHEMA PUBLIC
CONNECT USER SA
DISCONNECT
/*C298*/SET SCHEMA PUBLIC
CONNECT USER SA
DISCONNECT
/*C299*/SET SCHEMA PUBLIC
CONNECT USER SA
DISCONNECT
/*C300*/SET SCHEMA PUBLIC
CONNECT USER SA
DISCONNECT
/*C301*/SET SCHEMA PUBLIC
CONNECT USER SA
DISCONNECT
/*C302*/SET SCHEMA PUBLIC
CONNECT USER SA
DISCONNECT
/*C303*/SET SCHEMA PUBLIC
CONNECT USER SA
DISCONNECT
/*C304*/SET SCHEMA PUBLIC
CONNECT USER SA
DISCONNECT
/*C305*/SET SCHEMA PUBLIC
CONNECT USER SA
DISCONNECT
/*C306*/SET SCHEMA PUBLIC
CONNECT USER SA
DISCONNECT
/*C307*/SET SCHEMA PUBLIC
CONNECT USER SA
DISCONNECT
/*C308*/SET SCHEMA PUBLIC
CONNECT USER SA
DISCONNECT
/*C309*/SET SCHEMA PUBLIC
CONNECT USER SA
DELETE FROM PROPERTY WHERE ID=2
INSERT INTO PROPERTY VALUES(2,3,'34/2 Wright''s Houses','aced0005757200115b4c6a6176612e7574696c2e446174653b431724a0300318e00200007870000000027372000e6a6176612e7574696c2e44617465686a81014b5974190300007870770800000119b629c180787371007e0002770800000119b629c18078',2,'Flat','Edinburgh','Nice three-bedroomed flat',2,1,7687,'aced0005757200135b4c6a6176612e6c616e672e537472696e673badd256e7e91d7b47020000787000000000','aced0005757200135b4c6a6176612e6c616e672e537472696e673badd256e7e91d7b47020000787000000000','EH10 4HR',FALSE)
DISCONNECT
/*C310*/SET SCHEMA PUBLIC
CONNECT USER SA
DISCONNECT
/*C311*/SET SCHEMA PUBLIC
CONNECT USER SA
DISCONNECT
/*C312*/SET SCHEMA PUBLIC
CONNECT USER SA
DISCONNECT
/*C313*/SET SCHEMA PUBLIC
CONNECT USER SA
DISCONNECT
/*C314*/SET SCHEMA PUBLIC
CONNECT USER SA
DISCONNECT
/*C315*/SET SCHEMA PUBLIC
CONNECT USER SA
DISCONNECT
/*C316*/SET SCHEMA PUBLIC
CONNECT USER SA
DISCONNECT
/*C317*/SET SCHEMA PUBLIC
CONNECT USER SA
DISCONNECT
/*C318*/SET SCHEMA PUBLIC
CONNECT USER SA
DISCONNECT
/*C319*/SET SCHEMA PUBLIC
CONNECT USER SA
DISCONNECT
/*C320*/SET SCHEMA PUBLIC
CONNECT USER SA
DISCONNECT
/*C321*/SET SCHEMA PUBLIC
CONNECT USER SA
DISCONNECT
/*C322*/SET SCHEMA PUBLIC
CONNECT USER SA
DISCONNECT
/*C323*/SET SCHEMA PUBLIC
CONNECT USER SA
DISCONNECT
/*C324*/SET SCHEMA PUBLIC
CONNECT USER SA
SET AUTOCOMMIT FALSE
SET AUTOCOMMIT TRUE
DISCONNECT
/*C325*/SET SCHEMA PUBLIC
CONNECT USER SA
SET AUTOCOMMIT FALSE
SET AUTOCOMMIT TRUE
DISCONNECT
/*C326*/SET SCHEMA PUBLIC
CONNECT USER SA
DISCONNECT
/*C327*/SET SCHEMA PUBLIC
CONNECT USER SA
SET AUTOCOMMIT FALSE
SET AUTOCOMMIT TRUE
DISCONNECT
/*C328*/SET SCHEMA PUBLIC
CONNECT USER SA
SET AUTOCOMMIT FALSE
SET AUTOCOMMIT TRUE
DISCONNECT
/*C329*/SET SCHEMA PUBLIC
CONNECT USER SA
DISCONNECT
/*C330*/SET SCHEMA PUBLIC
CONNECT USER SA
DISCONNECT
/*C331*/SET SCHEMA PUBLIC
CONNECT USER SA
DISCONNECT
/*C332*/SET SCHEMA PUBLIC
CONNECT USER SA
DISCONNECT
/*C333*/SET SCHEMA PUBLIC
CONNECT USER SA
DISCONNECT
/*C334*/SET SCHEMA PUBLIC
CONNECT USER SA
DISCONNECT
/*C335*/SET SCHEMA PUBLIC
CONNECT USER SA
DISCONNECT
/*C336*/SET SCHEMA PUBLIC
CONNECT USER SA
DISCONNECT
/*C337*/SET SCHEMA PUBLIC
CONNECT USER SA
DISCONNECT
/*C338*/SET SCHEMA PUBLIC
CONNECT USER SA
DISCONNECT
/*C339*/SET SCHEMA PUBLIC
CONNECT USER SA
DISCONNECT
/*C340*/SET SCHEMA PUBLIC
CONNECT USER SA
DISCONNECT
/*C341*/SET SCHEMA PUBLIC
CONNECT USER SA
DISCONNECT
/*C342*/SET SCHEMA PUBLIC
CONNECT USER SA
DISCONNECT
/*C343*/SET SCHEMA PUBLIC
CONNECT USER SA
DISCONNECT
/*C344*/SET SCHEMA PUBLIC
CONNECT USER SA
DISCONNECT
/*C345*/SET SCHEMA PUBLIC
CONNECT USER SA
DISCONNECT
/*C346*/SET SCHEMA PUBLIC
CONNECT USER SA
DISCONNECT
/*C347*/SET SCHEMA PUBLIC
CONNECT USER SA
DISCONNECT
/*C348*/SET SCHEMA PUBLIC
CONNECT USER SA
DISCONNECT
/*C349*/SET SCHEMA PUBLIC
CONNECT USER SA
DISCONNECT
/*C350*/SET SCHEMA PUBLIC
CONNECT USER SA
DISCONNECT
/*C351*/SET SCHEMA PUBLIC
CONNECT USER SA
DISCONNECT
/*C352*/SET SCHEMA PUBLIC
CONNECT USER SA
DISCONNECT
/*C353*/SET SCHEMA PUBLIC
CONNECT USER SA
DISCONNECT
/*C354*/SET SCHEMA PUBLIC
CONNECT USER SA
DISCONNECT
/*C355*/SET SCHEMA PUBLIC
CONNECT USER SA
DISCONNECT
/*C356*/SET SCHEMA PUBLIC
CONNECT USER SA
DISCONNECT
/*C357*/SET SCHEMA PUBLIC
CONNECT USER SA
DISCONNECT
/*C358*/SET SCHEMA PUBLIC
CONNECT USER SA
DISCONNECT
/*C359*/SET SCHEMA PUBLIC
CONNECT USER SA
DISCONNECT
/*C360*/SET SCHEMA PUBLIC
CONNECT USER SA
DISCONNECT
/*C361*/SET SCHEMA PUBLIC
CONNECT USER SA
DISCONNECT
/*C362*/SET SCHEMA PUBLIC
CONNECT USER SA
DISCONNECT
/*C363*/SET SCHEMA PUBLIC
CONNECT USER SA
DISCONNECT
/*C364*/SET SCHEMA PUBLIC
CONNECT USER SA
DISCONNECT
/*C365*/SET SCHEMA PUBLIC
CONNECT USER SA
DISCONNECT
/*C366*/SET SCHEMA PUBLIC
CONNECT USER SA
DISCONNECT
/*C367*/SET SCHEMA PUBLIC
CONNECT USER SA
DISCONNECT
/*C368*/SET SCHEMA PUBLIC
CONNECT USER SA
DISCONNECT
/*C369*/SET SCHEMA PUBLIC
CONNECT USER SA
DISCONNECT
/*C370*/SET SCHEMA PUBLIC
CONNECT USER SA
DISCONNECT
/*C371*/SET SCHEMA PUBLIC
CONNECT USER SA
DISCONNECT
/*C372*/SET SCHEMA PUBLIC
CONNECT USER SA
DISCONNECT
/*C373*/SET SCHEMA PUBLIC
CONNECT USER SA
DISCONNECT
/*C374*/SET SCHEMA PUBLIC
CONNECT USER SA
DISCONNECT
/*C375*/SET SCHEMA PUBLIC
CONNECT USER SA
DISCONNECT
